{"D:\\nicoquote\\generated\\prisma\\index.ts": {"path":"D:\\nicoquote\\generated\\prisma\\index.ts","statementMap":{"0":{"start":{"line":2,"column":12},"end":{"line":18,"column":6}},"1":{"start":{"line":4,"column":12},"end":{"line":4,"column":22}},"2":{"start":{"line":7,"column":12},"end":{"line":7,"column":24}},"3":{"start":{"line":10,"column":12},"end":{"line":16,"column":14}},"4":{"start":{"line":1,"column":0},"end":{"line":1,"column":13}}},"fnMap":{"0":{"name":"(anonymous_0)","decl":{"start":{"line":3,"column":8},"end":{"line":3,"column":13}},"loc":{"start":{"line":3,"column":33},"end":{"line":5,"column":9}}},"1":{"name":"(anonymous_1)","decl":{"start":{"line":6,"column":8},"end":{"line":6,"column":13}},"loc":{"start":{"line":6,"column":35},"end":{"line":8,"column":9}}},"2":{"name":"(anonymous_2)","decl":{"start":{"line":9,"column":8},"end":{"line":9,"column":13}},"loc":{"start":{"line":9,"column":30},"end":{"line":17,"column":9}}}},"branchMap":{},"s":{"0":1,"1":5,"2":0,"3":0,"4":1},"f":{"0":5,"1":0,"2":0},"b":{}}
,"D:\\nicoquote\\src\\app.ts": {"path":"D:\\nicoquote\\src\\app.ts","statementMap":{"0":{"start":{"line":4,"column":0},"end":{"line":4,"column":16}},"1":{"start":{"line":1,"column":0},"end":{"line":1,"column":30}},"2":{"start":{"line":2,"column":0},"end":{"line":2,"column":64}},"3":{"start":{"line":5,"column":16},"end":{"line":5,"column":25}},"4":{"start":{"line":6,"column":4},"end":{"line":6,"column":44}},"5":{"start":{"line":7,"column":4},"end":{"line":7,"column":15}}},"fnMap":{"0":{"name":"createApp","decl":{"start":{"line":4,"column":16},"end":{"line":4,"column":25}},"loc":{"start":{"line":4,"column":25},"end":{"line":8,"column":1}}}},"branchMap":{},"s":{"0":1,"1":1,"2":1,"3":1,"4":1,"5":1},"f":{"0":1},"b":{}}
,"D:\\nicoquote\\src\\controllers\\quoteController.ts": {"path":"D:\\nicoquote\\src\\controllers\\quoteController.ts","statementMap":{"0":{"start":{"line":1,"column":0},"end":{"line":1,"column":30}},"1":{"start":{"line":2,"column":0},"end":{"line":2,"column":56}},"2":{"start":{"line":4,"column":15},"end":{"line":4,"column":31}},"3":{"start":{"line":6,"column":0},"end":{"line":16,"column":3}},"4":{"start":{"line":7,"column":4},"end":{"line":15,"column":5}},"5":{"start":{"line":8,"column":22},"end":{"line":8,"column":75}},"6":{"start":{"line":9,"column":23},"end":{"line":9,"column":90}},"7":{"start":{"line":10,"column":20},"end":{"line":10,"column":81}},"8":{"start":{"line":11,"column":23},"end":{"line":11,"column":72}},"9":{"start":{"line":12,"column":8},"end":{"line":12,"column":25}},"10":{"start":{"line":14,"column":8},"end":{"line":14,"column":18}},"11":{"start":{"line":18,"column":13},"end":{"line":18,"column":38}}},"fnMap":{"0":{"name":"(anonymous_1)","decl":{"start":{"line":6,"column":16},"end":{"line":6,"column":21}},"loc":{"start":{"line":6,"column":41},"end":{"line":16,"column":1}}}},"branchMap":{"0":{"loc":{"start":{"line":8,"column":22},"end":{"line":8,"column":75}},"type":"cond-expr","locations":[{"start":{"line":8,"column":40},"end":{"line":8,"column":63}},{"start":{"line":8,"column":66},"end":{"line":8,"column":75}}]},"1":{"loc":{"start":{"line":9,"column":23},"end":{"line":9,"column":90}},"type":"cond-expr","locations":[{"start":{"line":9,"column":62},"end":{"line":9,"column":78}},{"start":{"line":9,"column":81},"end":{"line":9,"column":90}}]},"2":{"loc":{"start":{"line":10,"column":20},"end":{"line":10,"column":81}},"type":"cond-expr","locations":[{"start":{"line":10,"column":56},"end":{"line":10,"column":69}},{"start":{"line":10,"column":72},"end":{"line":10,"column":81}}]}},"s":{"0":1,"1":1,"2":1,"3":1,"4":5,"5":5,"6":5,"7":5,"8":5,"9":5,"10":0,"11":1},"f":{"0":5},"b":{"0":[1,4],"1":[1,4],"2":[1,4]}}
,"D:\\nicoquote\\src\\services\\quoteService.ts": {"path":"D:\\nicoquote\\src\\services\\quoteService.ts","statementMap":{"0":{"start":{"line":1,"column":0},"end":{"line":1,"column":54}},"1":{"start":{"line":4,"column":21},"end":{"line":4,"column":39}},"2":{"start":{"line":7,"column":27},"end":{"line":7,"column":29}},"3":{"start":{"line":8,"column":8},"end":{"line":10,"column":9}},"4":{"start":{"line":9,"column":12},"end":{"line":9,"column":77}},"5":{"start":{"line":11,"column":8},"end":{"line":13,"column":9}},"6":{"start":{"line":12,"column":12},"end":{"line":12,"column":46}},"7":{"start":{"line":14,"column":8},"end":{"line":14,"column":74}},"8":{"start":{"line":18,"column":8},"end":{"line":18,"column":63}},"9":{"start":{"line":22,"column":8},"end":{"line":22,"column":50}},"10":{"start":{"line":3,"column":0},"end":{"line":3,"column":13}},"11":{"start":{"line":26,"column":13},"end":{"line":26,"column":47}}},"fnMap":{"0":{"name":"(anonymous_0)","decl":{"start":{"line":6,"column":4},"end":{"line":6,"column":9}},"loc":{"start":{"line":6,"column":80},"end":{"line":15,"column":5}}},"1":{"name":"(anonymous_1)","decl":{"start":{"line":17,"column":4},"end":{"line":17,"column":9}},"loc":{"start":{"line":17,"column":28},"end":{"line":19,"column":5}}},"2":{"name":"(anonymous_2)","decl":{"start":{"line":21,"column":4},"end":{"line":21,"column":9}},"loc":{"start":{"line":21,"column":75},"end":{"line":23,"column":5}}}},"branchMap":{"0":{"loc":{"start":{"line":6,"column":17},"end":{"line":6,"column":80}},"type":"default-arg","locations":[{"start":{"line":6,"column":78},"end":{"line":6,"column":80}}]},"1":{"loc":{"start":{"line":8,"column":8},"end":{"line":10,"column":9}},"type":"if","locations":[{"start":{"line":8,"column":8},"end":{"line":10,"column":9}},{"start":{},"end":{}}]},"2":{"loc":{"start":{"line":11,"column":8},"end":{"line":13,"column":9}},"type":"if","locations":[{"start":{"line":11,"column":8},"end":{"line":13,"column":9}},{"start":{},"end":{}}]}},"s":{"0":1,"1":1,"2":5,"3":5,"4":1,"5":5,"6":1,"7":5,"8":0,"9":0,"10":1,"11":1},"f":{"0":5,"1":0,"2":0},"b":{"0":[0],"1":[1,4],"2":[1,4]}}
}
