TN:
SF:generated\prisma\index.ts
FN:3,(anonymous_0)
FN:6,(anonymous_1)
FN:9,(anonymous_2)
FNF:3
FNH:1
FNDA:5,(anonymous_0)
FNDA:0,(anonymous_1)
FNDA:0,(anonymous_2)
DA:1,1
DA:2,1
DA:4,5
DA:7,0
DA:10,0
LF:5
LH:3
BRF:0
BRH:0
end_of_record
TN:
SF:src\app.ts
FN:4,createApp
FNF:1
FNH:1
FNDA:1,createApp
DA:1,1
DA:2,1
DA:4,1
DA:5,1
DA:6,1
DA:7,1
LF:6
LH:6
BRF:0
BRH:0
end_of_record
TN:
SF:src\controllers\quoteController.ts
FN:6,(anonymous_1)
FNF:1
FNH:1
FNDA:5,(anonymous_1)
DA:1,1
DA:2,1
DA:4,1
DA:6,1
DA:7,5
DA:8,5
DA:9,5
DA:10,5
DA:11,5
DA:12,5
DA:14,0
DA:18,1
LF:12
LH:11
BRDA:8,0,0,1
BRDA:8,0,1,4
BRDA:9,1,0,1
BRDA:9,1,1,4
BRDA:10,2,0,1
BRDA:10,2,1,4
BRF:6
BRH:6
end_of_record
TN:
SF:src\services\quoteService.ts
FN:6,(anonymous_0)
FN:17,(anonymous_1)
FN:21,(anonymous_2)
FNF:3
FNH:1
FNDA:5,(anonymous_0)
FNDA:0,(anonymous_1)
FNDA:0,(anonymous_2)
DA:1,1
DA:3,1
DA:4,1
DA:7,5
DA:8,5
DA:9,1
DA:11,5
DA:12,1
DA:14,5
DA:18,0
DA:22,0
DA:26,1
LF:12
LH:10
BRDA:6,0,0,0
BRDA:8,1,0,1
BRDA:8,1,1,4
BRDA:11,2,0,1
BRDA:11,2,1,4
BRF:5
BRH:4
end_of_record
